Determining if the pthread_create exist failed with the following output:
Change Dir: /home/odroid/catkin_ws/src/imu/CMakeFiles/CMakeTmp

Run Build Command:/usr/bin/make "cmTryCompileExec3331986607/fast"
/usr/bin/make -f CMakeFiles/cmTryCompileExec3331986607.dir/build.make CMakeFiles/cmTryCompileExec3331986607.dir/build
make[1]: Entering directory `/home/odroid/catkin_ws/src/imu/CMakeFiles/CMakeTmp'
/usr/bin/cmake -E cmake_progress_report /home/odroid/catkin_ws/src/imu/CMakeFiles/CMakeTmp/CMakeFiles 1
Building C object CMakeFiles/cmTryCompileExec3331986607.dir/CheckSymbolExists.c.o
/usr/bin/cc    -o CMakeFiles/cmTryCompileExec3331986607.dir/CheckSymbolExists.c.o   -c /home/odroid/catkin_ws/src/imu/CMakeFiles/CMakeTmp/CheckSymbolExists.c
Linking C executable cmTryCompileExec3331986607
/usr/bin/cmake -E cmake_link_script CMakeFiles/cmTryCompileExec3331986607.dir/link.txt --verbose=1
/usr/bin/cc       CMakeFiles/cmTryCompileExec3331986607.dir/CheckSymbolExists.c.o  -o cmTryCompileExec3331986607 -rdynamic 
CMakeFiles/cmTryCompileExec3331986607.dir/CheckSymbolExists.c.o: In function `main':
CheckSymbolExists.c:(.text+0xe): undefined reference to `pthread_create'
CheckSymbolExists.c:(.text+0x12): undefined reference to `pthread_create'
collect2: error: ld returned 1 exit status
make[1]: *** [cmTryCompileExec3331986607] Error 1
make[1]: Leaving directory `/home/odroid/catkin_ws/src/imu/CMakeFiles/CMakeTmp'
make: *** [cmTryCompileExec3331986607/fast] Error 2

File /home/odroid/catkin_ws/src/imu/CMakeFiles/CMakeTmp/CheckSymbolExists.c:
/* */
#include <pthread.h>

int main(int argc, char** argv)
{
  (void)argv;
#ifndef pthread_create
  return ((int*)(&pthread_create))[argc];
#else
  (void)argc;
  return 0;
#endif
}

Determining if the function pthread_create exists in the pthreads failed with the following output:
Change Dir: /home/odroid/catkin_ws/src/imu/CMakeFiles/CMakeTmp

Run Build Command:/usr/bin/make "cmTryCompileExec3660656042/fast"
/usr/bin/make -f CMakeFiles/cmTryCompileExec3660656042.dir/build.make CMakeFiles/cmTryCompileExec3660656042.dir/build
make[1]: Entering directory `/home/odroid/catkin_ws/src/imu/CMakeFiles/CMakeTmp'
/usr/bin/cmake -E cmake_progress_report /home/odroid/catkin_ws/src/imu/CMakeFiles/CMakeTmp/CMakeFiles 1
Building C object CMakeFiles/cmTryCompileExec3660656042.dir/CheckFunctionExists.c.o
/usr/bin/cc   -DCHECK_FUNCTION_EXISTS=pthread_create   -o CMakeFiles/cmTryCompileExec3660656042.dir/CheckFunctionExists.c.o   -c /usr/share/cmake-2.8/Modules/CheckFunctionExists.c
Linking C executable cmTryCompileExec3660656042
/usr/bin/cmake -E cmake_link_script CMakeFiles/cmTryCompileExec3660656042.dir/link.txt --verbose=1
/usr/bin/cc   -DCHECK_FUNCTION_EXISTS=pthread_create    CMakeFiles/cmTryCompileExec3660656042.dir/CheckFunctionExists.c.o  -o cmTryCompileExec3660656042 -rdynamic -lpthreads 
/usr/bin/ld.bfd.real: cannot find -lpthreads
collect2: error: ld returned 1 exit status
make[1]: *** [cmTryCompileExec3660656042] Error 1
make[1]: Leaving directory `/home/odroid/catkin_ws/src/imu/CMakeFiles/CMakeTmp'
make: *** [cmTryCompileExec3660656042/fast] Error 2


